#
# Copyright 2016-2020 The Reaktivity Project
#
# The Reaktivity Project licenses this file to you under the Apache License,
# version 2.0 (the "License"); you may not use this file except in compliance
# with the License. You may obtain a copy of the License at:
#
#   http://www.apache.org/licenses/LICENSE-2.0
#
# Unless required by applicable law or agreed to in writing, software
# distributed under the License is distributed on an "AS IS" BASIS, WITHOUT
# WARRANTIES OR CONDITIONS OF ANY KIND, either express or implied. See the
# License for the specific language governing permissions and limitations
# under the License.
#

property serverAddress "nukleus://streams/kafka#0"

property deltaMillis 0L
property newTimestamp ${kafka:timestamp() + deltaMillis}

accept ${serverAddress}
    option nukleus:window 8192
    option nukleus:transmission "half-duplex"

accepted

read nukleus:begin.ext ${kafka:beginEx()
                              .typeId(nukleus:id("kafka"))
                              .meta()
                                  .topic("test")
                                  .build()
                              .build()}

connected

write nukleus:begin.ext ${kafka:beginEx()
                               .typeId(nukleus:id("kafka"))
                               .meta()
                                   .topic("test")
                                   .build()
                               .build()}
write flush

write nukleus:data.ext ${kafka:dataEx()
                              .typeId(nukleus:id("kafka"))
                              .meta()
                                  .partition(0, 177)
                                  .build()
                              .build()}
write flush

accepted

read nukleus:begin.ext ${kafka:beginEx()
                              .typeId(nukleus:id("kafka"))
                              .fetch()
                                  .topic("test")
                                  .partition(0, 1)
                                  .deltaType("JSON_PATCH")
                                  .build()
                              .build()}

connected

write nukleus:begin.ext ${kafka:beginEx()
                               .typeId(nukleus:id("kafka"))
                               .fetch()
                                   .topic("test")
                                   .partition(0, 1)
                                   .deltaType("JSON_PATCH")
                                   .build()
                               .build()}
write flush

write nukleus:data.ext ${kafka:dataEx()
                              .typeId(nukleus:id("kafka"))
                              .fetch()
                                  .timestamp(newTimestamp)
                                  .partition(0, 1)
                                  .key("planets")
                                  .delta("NONE", -1)
                                  .header("header2", "value2")
                                  .build()
                              .build()}
write '["mercury","venus","earth","mars","jupiter","saturn","uranus","neptune","pluto"]'
write flush

write nukleus:data.ext ${kafka:dataEx()
                              .typeId(nukleus:id("kafka"))
                              .fetch()
                                  .timestamp(newTimestamp)
                                  .partition(0, 2)
                                  .header("header1", "value1")
                                  .build()
                              .build()}
write "Hello, world"
write flush

write nukleus:data.ext ${kafka:dataEx()
                              .typeId(nukleus:id("kafka"))
                              .fetch()
                                  .timestamp(newTimestamp)
                                  .partition(0, 3)
                                  .key("planets")
                                  .delta("JSON_PATCH", 1)
                                  .header("header1", "value1")
                                  .build()
                              .build()}
write '[{"op":"remove","path":"/8"}]'
write flush

write nukleus:data.ext ${kafka:dataEx()
                              .typeId(nukleus:id("kafka"))
                              .fetch()
                                  .timestamp(newTimestamp)
                                  .partition(0, 4)
                                  .header("header1", "value1")
                                  .header("header2", "value2")
                                  .build()
                              .build()}
write "Hello, world"
write flush
