#
# Copyright 2016-2019 The Reaktivity Project
#
# The Reaktivity Project licenses this file to you under the Apache License,
# version 2.0 (the "License"); you may not use this file except in compliance
# with the License. You may obtain a copy of the License at:
#
#   http://www.apache.org/licenses/LICENSE-2.0
#
# Unless required by applicable law or agreed to in writing, software
# distributed under the License is distributed on an "AS IS" BASIS, WITHOUT
# WARRANTIES OR CONDITIONS OF ANY KIND, either express or implied. See the
# License for the specific language governing permissions and limitations
# under the License.
#

property applicationConnect "nukleus://streams/kafka#0"
property applicationConnectWindow 8192

connect await ROUTED_CLIENT
        ${applicationConnect}
    option nukleus:window ${applicationConnectWindow}
    option nukleus:transmission "half-duplex"

write nukleus:begin.ext 0x04s "test"
write nukleus:begin.ext 1 ${kafka:varint(0)}
write nukleus:begin.ext -1
write nukleus:begin.ext [0xFF]
write nukleus:begin.ext 19
write nukleus:begin.ext 7s "header1"
write nukleus:begin.ext 6 "match1"

connected

read nukleus:begin.ext 0x04s "test"
read nukleus:begin.ext 1 ${kafka:varint(0)}
read nukleus:begin.ext -1
read nukleus:begin.ext [0xFF]
read nukleus:begin.ext 19
read nukleus:begin.ext 7s "header1"
read nukleus:begin.ext 6 "match1"

read nukleus:data.ext (long:timestamp) 1 ${kafka:varint(11)}
read nukleus:data.ext -1
read "Hello, world"

read nukleus:data.ext ${timestamp} 1 ${kafka:varint(13)}
read nukleus:data.ext -1
read "Hello, third"
