#
# Copyright 2016-2017 The Reaktivity Project
#
# The Reaktivity Project licenses this file to you under the Apache License,
# version 2.0 (the "License"); you may not use this file except in compliance
# with the License. You may obtain a copy of the License at:
#
#   http://www.apache.org/licenses/LICENSE-2.0
#
# Unless required by applicable law or agreed to in writing, software
# distributed under the License is distributed on an "AS IS" BASIS, WITHOUT
# WARRANTIES OR CONDITIONS OF ANY KIND, either express or implied. See the
# License for the specific language governing permissions and limitations
# under the License.
#

property newNetworkRouteRef ${nuklei:newReferenceId()} # external scope

property networkAccept "nukleus://kafka/streams/source"
property networkAcceptWindow 8192

accept ${networkAccept}
  option nukleus:route  ${newNetworkRouteRef}
  option nukleus:window ${networkAcceptWindow}
  option nukleus:transmission "duplex"
  option nukleus:byteorder "network"

accepted
connected

# Metadata and describe configs for topic test1
read 22         # Size int32
read 3s         # ApiKey int16 (Metadata)
read 5s         # ApiVersion int16
read (int:metadataRequestId) # CorrelationId int32
read -1s        # ClientId string (null)
read 1          # [TopicName] array length
  read 5s "test1"
read [0x00]     # allow_auto_topic_creation (boolean)

write 86        # Size int32
write ${metadataRequestId}  # CorrelationId int32
write 0         # throttle_time_ms int32
write 1         # brokers array length
  write 1       # broker id
  write 7s "broker1"
  write 9093    # port int32
  write -1s     # rack string (null)
write 9s "cluster 1"
write 1         # controller broker id
write 1         # topic array length
  write 0s      # error code
  write 5s "test1"
  write byte 0  # is_internal
  write 1       # partition array length
    write 0s    # error code
    write 0     # partition
    write 1     # leader
    write 0     # replicas array (empty)
    write -1    # isr array (null)
    write 0     # offline replicas array (empty)

read 63         # Size int32
read 32s        # ApiKey int16 (DescribeConfigs)
read 0s         # ApiVersion int16
read (int:metadataRequestId) # CorrelationId int32
read -1s        # ClientId string (null)
read 1          # [Resources] array length
read [0x02]     # resource type int8 (topic)
read 5s "test1" # topic name
read 2          # config_names count
read 14s "cleanup.policy"
read 19s "delete.retention.ms"

write 89        # Size int32
write ${metadataRequestId}  # CorrelationId int32
write 0         # throttle_time_ms int32
write 1         # resources count
write 0s        # error code
write -1s       # error message
write [0x02]    # resource type
write 5s "test1"            # topic name
write 2         # config entries count
write 14s "cleanup.policy"  # config name
write 6s "delete"           # config  value
write [0x00]    # read_only boolean
write [0x01]    # is_default boolean
write [0x00]    # is_sensitive boolean
write 19s "delete.retention.ms"
write 8s "86400000"
write [0x00]    # read_only boolean
write [0x01]    # is_default boolean
write [0x00]    # is_sensitive boolean

# Metadata and describe configs for topic test2
read 22         # Size int32
read 3s         # ApiKey int16 (Metadata)
read 5s         # ApiVersion int16
read (int:metadataRequestId) # CorrelationId int32
read -1s        # ClientId string (null)
read 1          # [TopicName] array length
  read 5s "test2"
read [0x00]     # allow_auto_topic_creation (boolean)

write 86        # Size int32
write ${metadataRequestId}  # CorrelationId int32
write 0         # throttle_time_ms int32
write 1         # brokers array length
  write 1       # broker id
  write 7s "broker1"
  write 9093    # port int32
  write -1s     # rack string (null)
write 9s "cluster 1"
write 1         # controller broker id
write 1         # topic array length
  write 0s      # error code
  write 5s "test2"
  write byte 0  # is_internal
  write 1       # partition array length
    write 0s    # error code
    write 0     # partition
    write 1     # leader
    write 0     # replicas array (empty)
    write -1    # isr array (null)
    write 0     # offline replicas array (empty)

read 63         # Size int32
read 32s        # ApiKey int16 (DescribeConfigs)
read 0s         # ApiVersion int16
read (int:metadataRequestId) # CorrelationId int32
read -1s        # ClientId string (null)
read 1          # [Resources] array length
read [0x02]     # resource type int8 (topic)
read 5s "test2" # topic name
read 2          # config_names count
read 14s "cleanup.policy"
read 19s "delete.retention.ms"

write 89        # Size int32
write ${metadataRequestId}  # CorrelationId int32
write 0         # throttle_time_ms int32
write 1         # resources count
write 0s        # error code
write -1s       # error message
write [0x02]    # resource type
write 5s "test2"            # topic name
write 2         # config entries count
write 14s "cleanup.policy"  # config name
write 6s "delete"           # config  value
write [0x00]    # read_only boolean
write [0x01]    # is_default boolean
write [0x00]    # is_sensitive boolean
write 19s "delete.retention.ms"
write 8s "86400000"
write [0x00]    # read_only boolean
write [0x01]    # is_default boolean
write [0x00]    # is_sensitive boolean

# Fetch stream
accepted
read nukleus:begin.ext ${tcp:beginExtRemoteHost("broker1", 9093)}
connected

# First fetch request on topic test1 fails with errcode 1 offset out of range
read 66
read 1s
read 5s
read (int:requestId)
read -1s
read -1
read [0..4]
read 1
read [0..4]
read [0x00]
read 1
read 5s "test1"
read 1
read 0          # partition
read 0L         # offset
read -1L
read [0..4]

write 61
write ${requestId}
write 0
write 1
write 5s "test1"
write 1         # partition count
write 0         # partition
write 1s        # errCode 1 (offset too early)
write -1L       # high watermark
write -1L       # last stable offset
write -1L       # log start offset
write -1        # aborted transaction count
write 0         # record set size

# list offsets request topic test1
read 42         # Size int32
read 2s         # ApiKey (ListOffsets)
read 2s         # ApiVersion 
read (int:listOffsetsRequestId) # CorrelationId 
read -1s        # ClientId string (null)
read -1         # replicaId
read [0x00]     # isolation level (0=READ_UNCOMMITTED)
read 1          # topic count 
read 5s "test1"  # topic name
read 1          # partition count
read 0          # partition
read -2L        # timestamp (earliest available offset)

read notify LIST_OFFSETS_REQUEST_RECEIVED

write await WRITE_LIST_OFFSETS_RESPONSE

write 45        # Size int32
write ${listOffsetsRequestId}  # CorrelationId int32
write 0         # throttle_time_ms int32
write 1         # topic count
write 5s "test1" # topic name 
write 1         # partition count
write 0         # partition
write 0s        # error code
write -1L       # timestamp (from a real example)
write 13L       # offset


# Fetch for second topic
read 66
read 1s
read 5s
read (int:requestId)
read -1s
read -1
read [0..4]
read 1
read [0..4]
read [0x00]
read 1
read 5s "test2"
read 1
read 0
read 0L
read -1L
read [0..4]
