#
# Copyright 2016-2018 The Reaktivity Project
#
# The Reaktivity Project licenses this file to you under the Apache License,
# version 2.0 (the "License"); you may not use this file except in compliance
# with the License. You may obtain a copy of the License at:
#
#   http://www.apache.org/licenses/LICENSE-2.0
#
# Unless required by applicable law or agreed to in writing, software
# distributed under the License is distributed on an "AS IS" BASIS, WITHOUT
# WARRANTIES OR CONDITIONS OF ANY KIND, either express or implied. See the
# License for the specific language governing permissions and limitations
# under the License.
#

property networkConnect "nukleus://streams/kafka#0"
property networkConnectWindow 8192

property newMetadataRequestId ${kafka:newRequestId()}

connect await ROUTED_SERVER
        ${networkConnect}
  option nukleus:window ${networkConnectWindow}
  option nukleus:transmission "duplex"
  option nukleus:byteorder "network"

connected

# Metadata request for topic test1
write 22        # Size int32
write 3s        # ApiKey int16 (Metadata)
write 5s        # ApiVersion int16
write ${newMetadataRequestId} # CorrelationId int32
write -1s       # ClientId string (null)
write 1         # [TopicName] array length
  write 5s "test1"
write [0x00]    # allow_auto_topic_creation (boolean)

read 64         # Size int32
read ${newMetadataRequestId} # CorrelationId int32 # 151
read [0..4]     # throttle_time_ms int32
read 1          # brokers array length
  read 1        # broker id # 12 + 127 = 139
  read 7s "broker1"
  read 9093     # port int32
  read -1s      # rack string (null)
read 9s "cluster 1"         # 125
read 1          # controller broker id
read 1          # topic array length
  read 3s       # UnknownTopic
  read 5s "test1"
  read [0x00]   # is_internal boolean
  read -1       # partition array length (null)

# Second Metadata request for unknown topic test1
write 22        # Size int32
write 3s        # ApiKey int16 (Metadata)
write 5s        # ApiVersion int16
write ${newMetadataRequestId} # CorrelationId int32
write -1s       # ClientId string (null)
write 1         # [TopicName] array length
  write 5s "test1"
write [0x00]    # allow_auto_topic_creation (boolean)

read 64         # Size int32
read ${newMetadataRequestId} # CorrelationId int32 # 151
read [0..4]     # throttle_time_ms int32
read 1          # brokers array length
  read 1        # broker id # 12 + 127 = 139
  read 7s "broker1"
  read 9093     # port int32
  read -1s      # rack string (null)
read 9s "cluster 1"         # 125
read 1          # controller broker id
read 1          # topic array length
  read 3s       # UnknownTopic
  read 5s "test1"
  read [0x00]   # is_internal boolean
  read -1       # partition array length (null)

# Metadata and describe configs for known topic test2
write 22        # Size int32
write 3s        # ApiKey int16 (Metadata)
write 5s        # ApiVersion int16
write ${newMetadataRequestId} # CorrelationId int32
write -1s       # ClientId string (null)
write 1         # [TopicName] array length
  write 5s "test2"
write [0x00]    # allow_auto_topic_creation (boolean)

read 86         # Size int32
read ${newMetadataRequestId} # CorrelationId int32
read [0..4]     # throttle_time_ms int32
read 1          # brokers array length
  read 1        # broker id
  read 7s "broker1"
  read 9093     # port int32
  read -1s      # rack string (null)
read 9s "cluster 1"
read 1          # controller broker id
read 1          # topic array length
  read 0s       # error code
  read 5s "test2"
  read [0x00]   # is_internal boolean
  read 1        # partition array length
    read 0s     # error code
    read 0      # partition
    read 1      # leader
    read 0      # replicas array (empty)
    read -1     # isr array (null)
    read 0      # offline replicas array (empty)

write 63        # Size int32
write 32s       # ApiKey int16 (DescribeConfigs)
write 0s        # ApiVersion int16
write ${newMetadataRequestId} # CorrelationId int32
write -1s       # ClientId string (null)
write 1         # resources count
write [0x02]    # resource type (topic is 2, from org/apache/kafka/common/resource/ResourceType.java)
write 5s "test2"            # topic name
write 2         # config names count
write 14s "cleanup.policy"  # config name
write 19s "delete.retention.ms" # config name

read 89         # Size int32
read ${newMetadataRequestId} # CorrelationId int32
read [0..4]     # throttle_time_ms int32
read 1          # resources count
read 0s         # error code
read -1s        # error message
read [0x02]     # resource type (topic)
read 5s "test2" # topic name
read 2          # config entries count
read 14s "cleanup.policy"   # config name
read 6s "delete"            # config value
read [0x00]     # read_only boolean
read [0x01]     # is_default boolean
read [0x00]     # is_sensitive boolean
read 19s "delete.retention.ms"
read 8s "86400000"
read [0x00]     # read_only boolean
read [0x01]     # is_default boolean
read [0x00]     # is_sensitive boolean

# Metadata requests for unknown topic test1 continue client detaches
write 22        # Size int32
write 3s        # ApiKey int16 (Metadata)
write 5s        # ApiVersion int16
write ${newMetadataRequestId} # CorrelationId int32
write -1s       # ClientId string (null)
write 1         # [TopicName] array length
  write 5s "test1"
write [0x00]    # allow_auto_topic_creation (boolean)

read 64         # Size int32
read ${newMetadataRequestId} # CorrelationId int32 # 151
read [0..4]     # throttle_time_ms int32
read 1          # brokers array length
  read 1        # broker id # 12 + 127 = 139
  read 7s "broker1"
  read 9093     # port int32
  read -1s      # rack string (null)
read 9s "cluster 1"         # 125
read 1          # controller broker id
read 1          # topic array length
  read 3s       # UnknownTopic
  read 5s "test1"
  read [0x00]   # is_internal boolean
  read -1       # partition array length (null)

# Third client attaches to unknown topic test3
write 22        # Size int32
write 3s        # ApiKey int16 (Metadata)
write 5s        # ApiVersion int16
write ${newMetadataRequestId} # CorrelationId int32
write -1s       # ClientId string (null)
write 1         # [TopicName] array length
  write 5s "test3"
write [0x00]    # allow_auto_topic_creation (boolean)

read 64         # Size int32
read ${newMetadataRequestId} # CorrelationId int32 # 151
read [0..4]     # throttle_time_ms int32
read 1          # brokers array length
  read 1        # broker id # 12 + 127 = 139
  read 7s "broker1"
  read 9093     # port int32
  read -1s      # rack string (null)
read 9s "cluster 1"         # 125
read 1          # controller broker id
read 1          # topic array length
  read 3s       # UnknownTopic
  read 5s "test3"
  read [0x00]   # is_internal boolean
  read -1       # partition array length (null)
  
  # Metadata requests continue for unknown topics (now only test3)
write 22        # Size int32
write 3s        # ApiKey int16 (Metadata)
write 5s        # ApiVersion int16
write ${newMetadataRequestId} # CorrelationId int32
write -1s       # ClientId string (null)
write 1         # [TopicName] array length
  write 5s "test3"
write [0x00]    # allow_auto_topic_creation (boolean)

read 64         # Size int32
read ${newMetadataRequestId} # CorrelationId int32 # 151
read [0..4]     # throttle_time_ms int32
read 1          # brokers array length
  read 1        # broker id # 12 + 127 = 139
  read 7s "broker1"
  read 9093     # port int32
  read -1s      # rack string (null)
read 9s "cluster 1"         # 125
read 1          # controller broker id
read 1          # topic array length
  read 3s       # UnknownTopic
  read 5s "test3"
  read [0x00]   # is_internal boolean
  read -1       # partition array length (null)
  
  write 22        # Size int32
write 3s        # ApiKey int16 (Metadata)
write 5s        # ApiVersion int16
write ${newMetadataRequestId} # CorrelationId int32
write -1s       # ClientId string (null)
write 1         # [TopicName] array length
  write 5s "test3"
write [0x00]    # allow_auto_topic_creation (boolean)

read 64         # Size int32
read ${newMetadataRequestId} # CorrelationId int32 # 151
read [0..4]     # throttle_time_ms int32
read 1          # brokers array length
  read 1        # broker id # 12 + 127 = 139
  read 7s "broker1"
  read 9093     # port int32
  read -1s      # rack string (null)
read 9s "cluster 1"         # 125
read 1          # controller broker id
read 1          # topic array length
  read 3s       # UnknownTopic
  read 5s "test3"
  read [0x00]   # is_internal boolean
  read -1       # partition array length (null)
