#
# Copyright 2016-2017 The Reaktivity Project
#
# The Reaktivity Project licenses this file to you under the Apache License,
# version 2.0 (the "License"); you may not use this file except in compliance
# with the License. You may obtain a copy of the License at:
#
#   http://www.apache.org/licenses/LICENSE-2.0
#
# Unless required by applicable law or agreed to in writing, software
# distributed under the License is distributed on an "AS IS" BASIS, WITHOUT
# WARRANTIES OR CONDITIONS OF ANY KIND, either express or implied. See the
# License for the specific language governing permissions and limitations
# under the License.
#

property newNetworkRouteRef ${nuklei:newReferenceId()} # external scope

property networkAccept "nukleus://kafka/streams/source"
property networkAcceptWindow 8192

accept ${networkAccept}
  option nukleus:route  ${newNetworkRouteRef}
  option nukleus:window ${networkAcceptWindow}
  option nukleus:transmission "duplex"
  option nukleus:byteorder "network"

accepted
connected

# Metadata request for unknown topic test1
read 22         # Size int32
read 3s         # ApiKey int16 (Metadata)
read 5s         # ApiVersion int16
read (int:metadataRequestId) # CorrelationId int32
read -1s        # ClientId string (null)
read 1          # [TopicName] array length
  read 5s "test1"
read [0x00]     # allow_auto_topic_creation (boolean)

write 64        # Size int32
write ${metadataRequestId}  # CorrelationId int32 # 151
write 0         # throttle_time_ms int32
write 1         # brokers array length
  write 1       # broker id # 12 + 127 = 139
  write 7s "broker1"
  write 9093    # port int32
  write -1s     # rack string (null)
write 9s "cluster 1"        # 125
write 1         # controller broker id
write 1         # topic array length
  write 3s      # error code NOT FOUND
  write 5s "test1"
  write byte 0  # is_internal
  write -1      # partition array length (null)
  

# Second Metadata request for unknown topic test1
read 22 # Size int32
read 3s         # ApiKey int16 (Metadata)
read 5s         # ApiVersion int16
read (int:metadataRequestId) # CorrelationId int32
read -1s        # ClientId string (null)
read 1          # [TopicName] array length
  read 5s "test1"
read [0x00]     # allow_auto_topic_creation (boolean)

read notify SECOND_UNKNOWN_TOPIC_METADATA_REQUEST_RECEIVED

write await WRITE_SECOND_UNKNOWN_TOPIC_METADATA_RESPONSE

write 64        # Size int32
write ${metadataRequestId}  # CorrelationId int32 # 151
write 0         # throttle_time_ms int32
write 1         # brokers array length
  write 1       # broker id # 12 + 127 = 139
  write 7s "broker1"
  write 9093    # port int32
  write -1s     # rack string (null)
write 9s "cluster 1"        # 125
write 1         # controller broker id
write 1         # topic array length
  write 3s      # UnknownTopic
  write 5s "test1"
  write byte 0  # is_internal
  write -1      # partition array length (null)

# Metadata and describe configs for known topic test2
read 22         # Size int32
read 3s         # ApiKey int16 (Metadata)
read 5s         # ApiVersion int16
read (int:metadataRequestId) # CorrelationId int32
read -1s        # ClientId string (null)
read 1          # [TopicName] array length
  read 5s "test2"
read [0x00]     # allow_auto_topic_creation (boolean)

read notify KNOWN_TOPIC_METADATA_REQUEST_RECEIVED

write 86        # Size int32
write ${metadataRequestId}  # CorrelationId int32
write 0         # throttle_time_ms int32
write 1         # brokers array length
  write 1       # broker id
  write 7s "broker1"
  write 9093    # port int32
  write -1s     # rack string (null)
write 9s "cluster 1"
write 1         # controller broker id
write 1         # topic array length
  write 0s      # error code
  write 5s "test2"
  write byte 0  # is_internal
  write 1       # partition array length
    write 0s    # error code
    write 0     # partition
    write 1     # leader
    write 0     # replicas array (empty)
    write -1    # isr array (null)
    write 0     # offline replicas array (empty)

read 63         # Size int32
read 32s        # ApiKey int16 (DescribeConfigs)
read 0s         # ApiVersion int16
read (int:metadataRequestId) # CorrelationId int32
read -1s        # ClientId string (null)
read 1          # [Resources] array length
read [0x02]     # resource type int8 (topic)
read 5s "test2" # topic name
read 2          # config_names count
read 14s "cleanup.policy"
read 19s "delete.retention.ms"

write 89        # Size int32
write ${metadataRequestId}  # CorrelationId int32
write 0         # throttle_time_ms int32
write 1         # resources count
write 0s        # error code
write -1s       # error message
write [0x02]    # resource type
write 5s "test2"            # topic name
write 2         # config entries count
write 14s "cleanup.policy"  # config name
write 6s "delete"           # config  value
write [0x00]    # read_only boolean
write [0x01]    # is_default boolean
write [0x00]    # is_sensitive boolean
write 19s "delete.retention.ms"
write 8s "86400000"
write [0x00]    # read_only boolean
write [0x01]    # is_default boolean
write [0x00]    # is_sensitive boolean

# Metadata requests for unknown topics (test1) continue until found
read 22         # Size int32
read 3s         # ApiKey int16 (Metadata)
read 5s         # ApiVersion int16
read (int:metadataRequestId) # CorrelationId int32
read -1s        # ClientId string (null)
read 1          # [TopicName] array length
  read 5s "test1"
read [0x00]     # allow_auto_topic_creation (boolean)

write 64        # Size int32
write ${metadataRequestId}  # CorrelationId int32 # 151
write 0         # throttle_time_ms int32
write 1         # brokers array length
  write 1       # broker id # 12 + 127 = 139
  write 7s "broker1"
  write 9093    # port int32
  write -1s     # rack string (null)
write 9s "cluster 1"        # 125
write 1         # controller broker id
write 1         # topic array length
  write 3s      # UnknownTopic
  write 5s "test1"
  write byte 0  # is_internal
  write -1      # partition array length (null)

read 22         # Size int32
read 3s         # ApiKey int16 (Metadata)
read 5s         # ApiVersion int16
read (int:metadataRequestId) # CorrelationId int32
read -1s        # ClientId string (null)
read 1          # [TopicName] array length
  read 5s "test1"
read [0x00]     # allow_auto_topic_creation (boolean)

write 64        # Size int32
write ${metadataRequestId}  # CorrelationId int32 # 151
write 0         # throttle_time_ms int32
write 1         # brokers array length
  write 1       # broker id # 12 + 127 = 139
  write 7s "broker1"
  write 9093    # port int32
  write -1s     # rack string (null)
write 9s "cluster 1"        # 125
write 1         # controller broker id
write 1         # topic array length
  write 3s      # UnknownTopic
  write 5s "test1"
  write byte 0  # is_internal
  write -1      # partition array length (null)
