#
# Copyright 2016-2017 The Reaktivity Project
#
# The Reaktivity Project licenses this file to you under the Apache License,
# version 2.0 (the "License"); you may not use this file except in compliance
# with the License. You may obtain a copy of the License at:
#
#   http://www.apache.org/licenses/LICENSE-2.0
#
# Unless required by applicable law or agreed to in writing, software
# distributed under the License is distributed on an "AS IS" BASIS, WITHOUT
# WARRANTIES OR CONDITIONS OF ANY KIND, either express or implied. See the
# License for the specific language governing permissions and limitations
# under the License.
#

property newNetworkRouteRef  ${nuklei:newReferenceId()} # external

property networkConnect "nukleus://kafka/streams/source"
property networkConnectWindow 8192

property newRequestId ${kafka:newRequestId()}
property maximumWaitTime 500
property maximumBytes 65535
property maximumBytesTest0 8192

connect await ROUTED_SERVER
        ${networkConnect}
  option nukleus:route ${newNetworkRouteRef}
  option nukleus:window ${networkConnectWindow} 
  option nukleus:transmission "duplex"
  option nukleus:byteorder "network"

connected

write 0x41
write 0x01s
write 0x05s
write ${newRequestId}
write -1s
write -1
write ${maximumWaitTime}
write 0x01
write ${maximumBytes}
write [0x00]
write 0x01
write 0x04s "test"
write 0x01
write 0x00
write 0x00L
write -1L
write ${maximumBytesTest0}

read 0x7d
read ${newRequestId}
read [0..4]
read 0x01
read 0x04s "test"
read 0x01
read 0
read 0x00s
read 0x01L
read -1L
read 0L
read -1
read 0x4d
read 0x00L
read 0x41
read 0x00
read [0x02]
read 0x4e8723aa
read 0x00s
read 0
read (long:timestamp)
read ${timestamp}
read -1L
read -1s
read -1
read 0x01
read ${kafka:varint(18)}
read [0x00]
read ${kafka:varint(0)}
read ${kafka:varint(0)}
read ${kafka:varint(-1)}
read ${kafka:varint(12)}
read "Hello, world"
read 0x00
