#
# Copyright 2016-2018 The Reaktivity Project
#
# The Reaktivity Project licenses this file to you under the Apache License,
# version 2.0 (the "License"); you may not use this file except in compliance
# with the License. You may obtain a copy of the License at:
#
#   http://www.apache.org/licenses/LICENSE-2.0
#
# Unless required by applicable law or agreed to in writing, software
# distributed under the License is distributed on an "AS IS" BASIS, WITHOUT
# WARRANTIES OR CONDITIONS OF ANY KIND, either express or implied. See the
# License for the specific language governing permissions and limitations
# under the License.
#

property networkAccept "nukleus://streams/kafka#0"
property networkAcceptWindow 8192

accept ${networkAccept}
  option nukleus:window ${networkAcceptWindow}
  option nukleus:transmission "duplex"
  option nukleus:byteorder "network"

# Metadata connection
accepted
connected

read 21         # Size int32
read 0x03s      # ApiKey int16 (Metadata)
read 0x05s      # ApiVersion int16
read (int:metadataRequestId)
read -1s        # ClientId string (null)
read 1          # [TopicName] array length
  read 4s "test"
read [0x00]     # allow_auto_topic_creation (boolean)

write 85        # Size int32
write ${metadataRequestId}  # CorrelationId int32
write 0         # throttle_time_ms int32

# idle metadata connection (idle metadata response)
read aborted


# Metadata connection after idle
accepted
connected

read 21         # Size int32
read 0x03s      # ApiKey int16 (Metadata)
read 0x05s      # ApiVersion int16
read (int:metadataRequestId)
read -1s        # ClientId string (null)
read 1          # [TopicName] array length
  read 4s "test"
read [0x00]     # allow_auto_topic_creation (boolean)

write 85        # Size int32
write ${metadataRequestId}  # CorrelationId int32
write 0         # throttle_time_ms int32
write 1         # brokers array length
  write 1       # broker id
  write 7s "broker1"
  write 9093    # port int32
  write -1s     # rack string (null)
write 9s "cluster 1"
write 1         # controller broker id
write 1         # topic array length
  write 0s      # error code
  write 4s "test"
  write byte 0x00           # is_internal
  write 1       # partition array length
    write 0s    # error code
    write 0     # partition
    write 1     # leader
    write 0     # replicas array (empty)
    write -1    # isr array (null)
    write 0     # offline replicas array (empty)

read 62         # Size int32
read 32s        # ApiKey int16 (DescribeConfigs)
read 0s         # ApiVersion int16
read (int:metadataRequestId) # CorrelationId int32
read -1s        # ClientId string (null)
read 1          # [Resources] array length
read [0x02]     # resource type int8 (topic)
read 4s "test"  # topic name
read 2          # config_names count
read 14s "cleanup.policy"
read 19s "delete.retention.ms"

write 88        # Size int32
write ${metadataRequestId}  # CorrelationId int32
write 0         # throttle_time_ms int32
write 1         # resources count
write 0s        # error code
write -1s       # error message
write [0x02]    # resource type
write 4s "test" # topic name
write 2         # config entries count
write 14s "cleanup.policy"  # config name
write 6s "delete"           # config  value
write [0x00]    # read_only boolean
write [0x01]    # is_default boolean
write [0x00]    # is_sensitive boolean
write 19s "delete.retention.ms"
write 8s "86400000"
write [0x00]    # read_only boolean
write [0x01]    # is_default boolean
write [0x00]    # is_sensitive boolean


# Fetch stream
accepted
read nukleus:begin.ext ${tcp:beginExtRemoteHost("broker1", 9093)}
connected

read 0x41
read 0x01s
read 0x05s
read (int:requestId)
read -1s
read -1
read [0..4]
read 0x01
read [0..4]
read [0x00]
read 0x01
read 0x04s "test"
read 0x01
read 0x00
read 0x00L
read -1L
read [0..4]
