#
# Copyright 2016-2021 The Reaktivity Project
#
# The Reaktivity Project licenses this file to you under the Apache License,
# version 2.0 (the "License"); you may not use this file except in compliance
# with the License. You may obtain a copy of the License at:
#
#   http://www.apache.org/licenses/LICENSE-2.0
#
# Unless required by applicable law or agreed to in writing, software
# distributed under the License is distributed on an "AS IS" BASIS, WITHOUT
# WARRANTIES OR CONDITIONS OF ANY KIND, either express or implied. See the
# License for the specific language governing permissions and limitations
# under the License.
#

property nukleiRG010601N ${nuklei:directory("target/nukleus-itests").controlCapacity(1024, 1024)}

property controlRG010601N ${nukleiRG010601N.controlNew()}

connect "agrona://stream/bidirectional"
        option agrona:reader ${agrona:manyToOneReader(controlRG010601N.nukleus)}
        option agrona:writer ${agrona:broadcastTransmitter(controlRG010601N.controller)}

connected

read 0x00000001
read (long:correlationIdRG010501N)
read ${core:string("kafka")}
read [0x05]
read [0..8] # authorization
read ${core:string("kafka#0")}
read ${core:string("kafka-cache#0")}

write 0x40000001
write ${correlationIdRG010501N}
write ${nukleus:newCacheServerRouteId("kafka#0", "kafka-cache#0")}
write flush

read 0x00000001
read (long:correlationIdRG010601N)
read ${core:string("kafka")}
read [0x06]
read [0..8] # authorization
read ${core:string("kafka-cache#0")}
read ${core:string("target#0")}

write 0x40000001
write ${correlationIdRG010601N}
write ${nukleus:newCacheClientRouteId("kafka-cache#0", "target#0")}
write flush

close
closed
