#
# Copyright 2016-2017 The Reaktivity Project
#
# The Reaktivity Project licenses this file to you under the Apache License,
# version 2.0 (the "License"); you may not use this file except in compliance
# with the License. You may obtain a copy of the License at:
#
#   http://www.apache.org/licenses/LICENSE-2.0
#
# Unless required by applicable law or agreed to in writing, software
# distributed under the License is distributed on an "AS IS" BASIS, WITHOUT
# WARRANTIES OR CONDITIONS OF ANY KIND, either express or implied. See the
# License for the specific language governing permissions and limitations
# under the License.
#

property newNetworkRouteRef ${nuklei:newReferenceId()} # external scope

property networkAccept "nukleus://kafka/streams/source"
property networkAcceptWindow 8192

accept ${networkAccept}
  option nukleus:route  ${newNetworkRouteRef}
  option nukleus:window ${networkAcceptWindow}
  option nukleus:transmission "duplex"
  option nukleus:byteorder "network"

# First DescribeConfigs request results in unknown server error (-1)
accepted
connected

read 21                                     # size int32
read 0x03s                                  # apiKey int16 (Metadata)
read 0x05s                                  # apiVersion int16
read (int:metadataRequestId2)               # correlationId int32
read -1s                                    # clientId string (null)
read 1 # [TopicName] array length
  read 4s "test"
read [0x00]                                 # allow_auto_topic_creation (boolean)

write 126                                   # size int32
write ${metadataRequestId2}                 # correlationId int32
write 0                                     # throttle_time_ms int32
write 2                                         # brokers array length
  write 1                                       # broker id
  write 7s "broker1"
  write 9093                                    # port int32
  write -1s                                     # rack string (null)

  write 2
  write 7s "broker2"
  write 9093
  write -1s
write 9s "cluster 1"
write 1                                     # controller broker id
write 1                                     # topic array length
  write 0s                                      # error code
  write 4s "test"
  write byte 0x00                               # is_internal
  write 2                                       # partition array length
    write 0s                                        # error code
    write 0                                         # partition
    write 1                                         # leader
    write 0                                         # replicas array (empty)
    write -1                                        # isr array (null)
    write 0                                         # offline replicas array (empty)

    write 0s                                        # error code
    write 1                                         # partition
    write 2                                         # leader
    write 0                                         # replicas array (empty)
    write -1                                        # isr array (null)
    write 0                                         # offline replicas array (empty)

read 62                                     # size int32
read 32s                                    # apiKey int16 (DescribeConfigs)
read 0s                                     # apiVersion int16
read (int:describeRequestId)                # correlationId int32
read -1s                                    # clientId string (null)
read 1                                      # [Resources] array length
read [0x02]                                 # resource type int8 (topic) 
read 4s "test"                              # topic name
read 2                                      # config_names count
read 14s "cleanup.policy"
read 19s "delete.retention.ms"

write 88                                    # size int32
write ${describeRequestId}                  # correlationId int32
write 0                                     # throttle_time_ms int32

read aborted
write abort
