#
# Copyright 2016-2017 The Reaktivity Project
#
# The Reaktivity Project licenses this file to you under the Apache License,
# version 2.0 (the "License"); you may not use this file except in compliance
# with the License. You may obtain a copy of the License at:
#
#   http://www.apache.org/licenses/LICENSE-2.0
#
# Unless required by applicable law or agreed to in writing, software
# distributed under the License is distributed on an "AS IS" BASIS, WITHOUT
# WARRANTIES OR CONDITIONS OF ANY KIND, either express or implied. See the
# License for the specific language governing permissions and limitations
# under the License.
#

property newApplicationRouteRef ${nuklei:newReferenceId()} # external scope
property newNetworkRouteRef ${nuklei:newReferenceId()} # external scope

property nukleiURMH01C ${nuklei:directory("target/nukleus-itests").controlCapacity(1024, 1024)}

property controlURMH01C ${nukleiURMH01C.control("kafka")}

connect await ROUTED_CLIENT
        "agrona://stream/bidirectional"
        option agrona:reader ${agrona:broadcastReceiver(controlURMH01C.controller)}
        option agrona:writer ${agrona:manyToOneWriter(controlURMH01C.nukleus)}

connected

write 0x00000002
write ${controlURMH01C.nextCorrelationId()}
write [0x01]
write [0x06] "source"
write ${newApplicationRouteRef}
write [0x06] "target"
write ${newNetworkRouteRef}
write 0L
write 4s "test"
write 19
write 7s "header1"
write 6 "match1"
write flush

read 0x40000002
read ${controlURMH01C.correlationId()}

write 0x00000002
write ${controlURMH01C.nextCorrelationId()}
write [0x01]
write [0x06] "source"
write ${newApplicationRouteRef}
write [0x06] "target"
write ${newNetworkRouteRef}
write 0L
write 4s "test"
write 19
write 7s "header1"
write 6 "match2"
write flush

read 0x40000002
read ${controlURMH01C.correlationId()}

close
closed
