#
# Copyright 2016-2019 The Reaktivity Project
#
# The Reaktivity Project licenses this file to you under the Apache License,
# version 2.0 (the "License"); you may not use this file except in compliance
# with the License. You may obtain a copy of the License at:
#
#   http://www.apache.org/licenses/LICENSE-2.0
#
# Unless required by applicable law or agreed to in writing, software
# distributed under the License is distributed on an "AS IS" BASIS, WITHOUT
# WARRANTIES OR CONDITIONS OF ANY KIND, either express or implied. See the
# License for the specific language governing permissions and limitations
# under the License.
#

property nukleiRMT01C ${nuklei:directory("target/nukleus-itests").controlCapacity(1024, 1024)}

property controlRMT01C ${nukleiRMT01C.control()}

property routeCorrelationId1 ${controlRMT01C.nextCorrelationId()}
property routeCorrelationId2 ${controlRMT01C.nextCorrelationId()}
property routeCorrelationId3 ${controlRMT01C.nextCorrelationId()}

connect "agrona://stream/bidirectional"
        option agrona:reader ${agrona:broadcastReceiver(controlRMT01C.controller)}
        option agrona:writer ${agrona:manyToOneWriter(controlRMT01C.nukleus)}

connected

write 0x00000001
write ${routeCorrelationId1}
write ${core:string("kafka")}
write [0x01]
write 0L
write ${core:string("kafka#0")}
write ${core:string("target#0")}
write ${core:string16("test1")}
write 0
write flush

read 0x40000001
read ${routeCorrelationId1}
read (long:newClientRouteId1)

# Parallel requests

write 0x00000001
write ${routeCorrelationId2}
write ${core:string("kafka")}
write [0x01]
write 0L
write ${core:string("kafka#0")}
write ${core:string("target#0")}
write ${core:string16("test2")}
write 0
write flush

write 0x00000001
write ${routeCorrelationId3}
write ${core:string("kafka")}
write [0x01]
write 0L
write ${core:string("kafka#0")}
write ${core:string("target#0")}
write ${core:string16("test3")}
write 0
write flush

read 0x40000001
read ${routeCorrelationId2}
read (long:newClientRouteId2)

read 0x40000001
read ${routeCorrelationId3}
read (long:newClientRouteId3)

read notify ROUTED_CLIENT

close
closed
