#
# Copyright 2016-2017 The Reaktivity Project
#
# The Reaktivity Project licenses this file to you under the Apache License,
# version 2.0 (the "License"); you may not use this file except in compliance
# with the License. You may obtain a copy of the License at:
#
#   http://www.apache.org/licenses/LICENSE-2.0
#
# Unless required by applicable law or agreed to in writing, software
# distributed under the License is distributed on an "AS IS" BASIS, WITHOUT
# WARRANTIES OR CONDITIONS OF ANY KIND, either express or implied. See the
# License for the specific language governing permissions and limitations
# under the License.
#

property newNetworkRouteRef  ${nuklei:newReferenceId()} # external

property networkConnect "nukleus://kafka/streams/source"
property networkConnectWindow 8192

property newRequestId ${kafka:newRequestId()}

connect await ROUTED_SERVER
        ${networkConnect}
  option nukleus:route ${newNetworkRouteRef}
  option nukleus:window ${networkConnectWindow} 
  option nukleus:transmission "duplex"
  option nukleus:byteorder "network"

connected

write 15 # Size int32
write 0x03s # ApiKey int16 (Metadata)
write 0x05s # ApiVersion int16
write ${newRequestId} # CorrelationId int32
write -1s # ClientId string (null)
write -1 # [TopicName] array of string (null)
write [0x00] # allow_auto_topic_creation (boolean)

read 184 # Size int32
read ${newRequestId} # CorrelationId int32 # 151
read [0..4] # throttle_time_ms int32
read 2      # brokers array length
  read 1    # broker id # 12 + 127 = 139
  read 7s "broker1"
  read 9093 # port int32
  read -1s  # rack string (null)

  read 2    # 12 + 115 = 127
  read 7s "broker2"
  read 9093
  read -1s
read 9s "cluster 1"  # 125
read 1 # controller broker id
read 2 # topic array length
  read 0s # error code   57 + 58 = 115
  read 4s "test"
  read [0x00] # is_internal boolean
  read 2 # partition array length
    read 0s # error code
    read 0 # partition
    read 1 # leader
    read 0 # replicas array (empty)
    read -1 # isr array (null)
    read 0 # offline replicas array (empty)

    read 0s # error code
    read 1 # partition
    read 2 # leader
    read 0 # replicas array (empty)
    read -1 # isr array (null)
    read 0 # offline replicas array (empty)

  read 0s # error code         58
  read 5s "test2"
  read [0x00] # is_internal
  read 2 # partition array length   48
    read 0s # error code
    read 0 # partition
    read 1 # leader
    read 0 # replicas array (empty)
    read -1 # isr array (null)
    read 0 # offline replicas array (empty)

    read 0s # error code
    read 1 # partition
    read 1 # leader
    read 0 # replicas array (empty)
    read -1 # isr array (null)
    read 0 # offline replicas array (empty)




