#
# Copyright 2016-2020 The Reaktivity Project
#
# The Reaktivity Project licenses this file to you under the Apache License,
# version 2.0 (the "License"); you may not use this file except in compliance
# with the License. You may obtain a copy of the License at:
#
#   http://www.apache.org/licenses/LICENSE-2.0
#
# Unless required by applicable law or agreed to in writing, software
# distributed under the License is distributed on an "AS IS" BASIS, WITHOUT
# WARRANTIES OR CONDITIONS OF ANY KIND, either express or implied. See the
# License for the specific language governing permissions and limitations
# under the License.
#

property networkConnect "nukleus://streams/kafka#0"
property networkConnectWindow 8192

property newRequestId ${kafka:newRequestId()}
property fetchWaitMax 500
property fetchBytesMax 65535
property partitionBytesMax 8192

connect await ROUTED_SERVER
        ${networkConnect}
  option nukleus:window ${networkConnectWindow}
  option nukleus:transmission "duplex"
  option nukleus:byteorder "network"

connected

write 21                                # size
      3s                                # metadata
      5s                                # v5
      ${newRequestId}
      -1s                               # no client id
      1                                 # topics
        4s "test"                       #   "test" topic
      [0x00]                            # allow_auto_topic_creation

read 97                                 # size
     ${newRequestId}
     [0..4]
     1                                  # brokers
       0xb1                                 # broker id
       19s "broker1.example.com"            # host name
       9092                                 # port
       -1s                                  # no rack
     9s "cluster 1"                     # cluster id
     1                                  # controller id
     1                                  # topics
       0s                                 # no error
       4s "test"                          #   "test" topic
       [0x00]                             # not internal
       1                                  # partitions
         0s                                 # no error
         0                                  # partition
         0xb1                               # leader
         0                                  # no replicas
         -1                                 # no in-sync replicas
         0                                  # offline replicas

read notify ROUTED_BROKER_SERVER

connect await ROUTED_BROKER_SERVER
        ${networkConnect}
  option nukleus:window ${networkConnectWindow}
  option nukleus:transmission "duplex"
  option nukleus:byteorder "network"

write nukleus:begin.ext ${tcp:beginEx()
                             .typeId(nukleus:id("tcp"))
                             .localAddress("0.0.0.0")
                             .localPort(0)
                             .remoteHost("broker1.example.com")
                             .remotePort(9092)
                             .build()}

connected

write 65                                # size
      1s                                # fetch
      5s                                # v5
      ${newRequestId}
      -1s
      -1
      ${fetchWaitMax}
      1
      ${fetchBytesMax}
      [0x00]
      1
      4s "test"
      1
      0                                 # partition
      1L                                # offset
      -1L
      ${partitionBytesMax}

read 193
     ${newRequestId}
     [0..4]
     1
     4s "test"
     1                                  # partitions
     0                                  # partition
     0s                                 # no error
     3L                                 # high water mark
     -1L                                # last stable offset
     -1L                                # no log start offset
     -1                                 # no aborted transaction count
     133                                # record set size
     1L                                 # first offset
     121                                # length
     0x00
     [0x02]
     0x4e8723aa
     0s
     1                                  # last offset delta
     (long:timestamp)                   # first timestamp
     ${timestamp}                       # last timestamp
     -1L
     -1s
     -1
     2                                  # records
     ${kafka:varint(37)}
     [0x00]
     ${kafka:varint(0)}                 # timestamp delta
     ${kafka:varint(0)}                 # offset delta
     ${kafka:varint(4)}                 # key
     "key1"
     ${kafka:varint(12)}                # value
     "Hello, world"
     ${kafka:varint(1)}                 # headers
       ${kafka:varint(7)}                   # key
       "header2"
       ${kafka:varint(6)}                   # value
       "value2"
     ${kafka:varint(33)}
     [0x00]
     ${kafka:varint(0)}                 # timestamp delta
     ${kafka:varint(1)}                 # offset delta
     ${kafka:varint(-1)}                # key
     ${kafka:varint(12)}                # value
     "Hello, world"
     ${kafka:varint(1)}                 # headers
       ${kafka:varint(7)}                   # key
       "header1"
       ${kafka:varint(6)}                   # value
       "value1"

write 65                                # size
      1s                                # fetch
      5s                                # v5
      ${newRequestId}
      -1s
      -1
      ${fetchWaitMax}
      1
      ${fetchBytesMax}
      [0x00]
      1
      4s "test"
      1
      0                                 # partition
      3L                                # offset
      -1L
      ${partitionBytesMax}

read 414
     ${newRequestId}
     [0..4]
     1
     4s "test"
     1                                  # partitions
     0                                  # partition
     0s                                 # no error
     9L                                 # high water mark
     -1L                                # last stable offset
     -1L                                # no log start offset
     -1                                 # no aborted transaction count
     354                                # record set size
     3L                                 # first offset
     342                                # length
     0x00
     [0x02]
     0x4e8723aa
     0s
     1                                  # last offset delta
     (long:timestamp)                   # first timestamp
     ${timestamp}                       # last timestamp
     -1L
     -1s
     -1
     6                                  # records
     ${kafka:varint(37)}
     [0x00]
     ${kafka:varint(0)}                 # timestamp delta
     ${kafka:varint(0)}                 # offset delta
     ${kafka:varint(4)}                 # key
     "key1"
     ${kafka:varint(12)}                # value
     "Hello, world"
     ${kafka:varint(1)}                 # headers
       ${kafka:varint(7)}                   # key
       "header1"
       ${kafka:varint(6)}                   # value
       "value1"
     ${kafka:varint(48)}
     [0x00]
     ${kafka:varint(0)}                 # timestamp delta
     ${kafka:varint(1)}                 # offset delta
     ${kafka:varint(-1)}                # key
     ${kafka:varint(12)}                # value
     "Hello, world"
     ${kafka:varint(2)}                 # headers
       ${kafka:varint(7)}                   # key
       "header1"
       ${kafka:varint(6)}                   # value
       "value1"
       ${kafka:varint(7)}                   # key
       "header2"
       ${kafka:varint(6)}                   # value
       "value2"
     ${kafka:varint(30)}
     [0x00]
     ${kafka:varint(0)}                 # timestamp delta
     ${kafka:varint(2)}                 # offset delta
     ${kafka:varint(-1)}                # key
     ${kafka:varint(12)}                # value
     "Hello, world"
     ${kafka:varint(1)}                 # headers
       ${kafka:varint(7)}                   # key
       "header3"
       ${kafka:varint(3)}                   # value
       "one"
     ${kafka:varint(39)}
     [0x00]
     ${kafka:varint(0)}                 # timestamp delta
     ${kafka:varint(3)}                 # offset delta
     ${kafka:varint(-1)}                # key
     ${kafka:varint(12)}                # value
     "Hello, world"
     ${kafka:varint(2)}                 # headers
       ${kafka:varint(7)}                   # key
       "header3"
       ${kafka:varint(3)}                   # value
       "one"
       ${kafka:varint(7)}                   # key
       "header3"
       ${kafka:varint(0)}                   # value (empty)
     ${kafka:varint(70)}
     [0x00]
     ${kafka:varint(0)}                 # timestamp delta
     ${kafka:varint(4)}                 # offset delta
     ${kafka:varint(-1)}                # key
     ${kafka:varint(12)}                # value
     "Hello, world"
     ${kafka:varint(4)}                 # headers
       ${kafka:varint(7)}                   # key
       "header3"
       ${kafka:varint(3)}                   # value
       "one"
       ${kafka:varint(7)}                   # key
       "header3"
       ${kafka:varint(3)}                   # value
       "two"
       ${kafka:varint(7)}                   # key
       "header3"
       ${kafka:varint(5)}                   # value
       "three"
       ${kafka:varint(7)}                   # key
       "header3"
       ${kafka:varint(4)}                   # value
       "four"
     ${kafka:varint(63)}
     [0x00]
     ${kafka:varint(0)}                 # timestamp delta
     ${kafka:varint(5)}                 # offset delta
     ${kafka:varint(-1)}                # key
     ${kafka:varint(12)}                # value
     "Hello, world"
     ${kafka:varint(4)}                 # headers
       ${kafka:varint(7)}                   # key
       "header3"
       ${kafka:varint(3)}                   # value
       "one"
       ${kafka:varint(7)}                   # key
       "header3"
       ${kafka:varint(0)}                   # value (empty)
       ${kafka:varint(7)}                   # key
       "header3"
       ${kafka:varint(5)}                   # value
       "three"
       ${kafka:varint(7)}                   # key
       "header3"
       ${kafka:varint(0)}                   # value (empty)
