#
# Copyright 2016-2017 The Reaktivity Project
#
# The Reaktivity Project licenses this file to you under the Apache License,
# version 2.0 (the "License"); you may not use this file except in compliance
# with the License. You may obtain a copy of the License at:
#
#   http://www.apache.org/licenses/LICENSE-2.0
#
# Unless required by applicable law or agreed to in writing, software
# distributed under the License is distributed on an "AS IS" BASIS, WITHOUT
# WARRANTIES OR CONDITIONS OF ANY KIND, either express or implied. See the
# License for the specific language governing permissions and limitations
# under the License.
#

property newNetworkRouteRef ${nuklei:newReferenceId()} # external scope

property newTimestamp1 ${kafka:timestamp()}
property newTimestamp2 ${kafka:timestamp()}

property networkAccept "nukleus://kafka/streams/source"
property networkAcceptWindow 8192

accept ${networkAccept}
  option nukleus:route  ${newNetworkRouteRef}
  option nukleus:window ${networkAcceptWindow}
  option nukleus:transmission "duplex"
accepted
connected

#read nukleus:order network

read [0x00 0x00 0x00 0x4b]
read [0x00 0x01]
read [0x00 0x05]
read ([0..4]:requestId)
read [0x00 0x0a] "consumer-1"
read -1
read [0x7f 0xff 0xff 0xff]
read [0x00 0x00 0x00 0x01]
read [0..4]
read 0x00
read [0x00 0x00 0x00 0x01]
read [0x00 0x04] "test"
read [0x00 0x00 0x00 0x01]
read 0x00000000
read 0x0000000000000000L
read -1L
read [0..4]

write [0x00 0x00 0x00 0x7d]
write ${newRequestId}
write 0
write [0x00 0x00 0x00 0x01]
write [0x00 0x04] "test"
write [0x00 0x00 0x00 0x01]
write 0
write [0x00 0x00]
write [0x00 0x00 0x00 0x00 0x00 0x00 0x00 0x01]
write -1L
write 0L
write -1
write [0x00 0x00 0x00 0x4d]
write [0x00 0x00 0x00 0x00 0x00 0x00 0x00 0x00]
write [0x00 0x00 0x00 0x41]
write 0x00000000
write 0x02
write [0x4e 0x87 0x23 0xaa]
write [0x00 0x00]
write 0
write ${newTimestamp1}
write ${newTimestamp1}
write -1L
write [0xff 0xff]
write -1
write [0x00 0x00 0x00 0x01]
write 0x24
write 0x00
write 0x00
write 0x00
write 0x01
write 0x18
write "Hello, world"
write 0x00

read [0x00 0x00 0x00 0x4b]
read [0x00 0x01]
read [0x00 0x05]
read ([0..4]:requestId)
read [0x00 0x0a] "consumer-1"
read -1
read [0x7f 0xff 0xff 0xff]
read [0x00 0x00 0x00 0x01]
read [0..4]
read 0x00
read [0x00 0x00 0x00 0x01]
read [0x00 0x04] "test"
read [0x00 0x00 0x00 0x01]
read 0x00000000
read [0x00 0x00 0x00 0x00 0x00 0x00 0x00 0x01]
read -1L
read [0..4]

write [0x00 0x00 0x00 0x7d]
write ${newRequestId}
write 0
write [0x00 0x00 0x00 0x01]
write [0x00 0x04] "test"
write [0x00 0x00 0x00 0x01]
write 0
write [0x00 0x00]
write [0x00 0x00 0x00 0x00 0x00 0x00 0x00 0x02]
write -1L
write 0L
write -1
write [0x00 0x00 0x00 0x4d]
write [0x00 0x00 0x00 0x00 0x00 0x00 0x00 0x01]
write [0x00 0x00 0x00 0x41]
write 0x00000000
write 0x02
write [0x4e 0x87 0x23 0xaa]
write [0x00 0x00]
write 0
write ${newTimestamp2}
write ${newTimestamp2}
write -1L
write [0xff 0xff]
write -1
write [0x00 0x00 0x00 0x01]
write 0x24
write 0x00
write 0x00
write 0x00
write 0x01
write 0x18
write "Hello, again"
write 0x00
