#
# Copyright 2016-2017 The Reaktivity Project
#
# The Reaktivity Project licenses this file to you under the Apache License,
# version 2.0 (the "License"); you may not use this file except in compliance
# with the License. You may obtain a copy of the License at:
#
#   http://www.apache.org/licenses/LICENSE-2.0
#
# Unless required by applicable law or agreed to in writing, software
# distributed under the License is distributed on an "AS IS" BASIS, WITHOUT
# WARRANTIES OR CONDITIONS OF ANY KIND, either express or implied. See the
# License for the specific language governing permissions and limitations
# under the License.
#

property newNetworkRouteRef ${nuklei:newReferenceId()} # external scope

property newTimestamp ${kafka:timestamp()}

property networkAccept "nukleus://kafka/streams/source"
property networkAcceptWindow 8192

accept ${networkAccept}
  option nukleus:route  ${newNetworkRouteRef}
  option nukleus:window ${networkAcceptWindow}
  option nukleus:transmission "duplex"
  option nukleus:byteorder "network"

# Metadata connection
accepted
connected

read 21         # Size int32
read 3s         # ApiKey int16 (Metadata)
read 5s         # ApiVersion int16
read (int:metadataRequestId)
read -1s        # ClientId string (null)
read 1          # [TopicName] array length
  read 4s "test"
read [0x00]     # allow_auto_topic_creation (boolean)

write 85        # Size int32
write ${metadataRequestId}  # CorrelationId int32
write 0         # throttle_time_ms int32
write 1         # brokers array length
  write 1       # broker id
  write 7s "broker1"
  write 9093    # port int32
  write -1s     # rack string (null)
write 9s "cluster 1"
write 1         # controller broker id
write 1         # topic array length
  write 0s      # error code
  write 4s "test"
  write byte 0  # is_internal
  write 1       # partition array length
    write 0s    # error code
    write 0     # partition
    write 1     # leader
    write 0     # replicas array (empty)
    write -1    # isr array (null)
    write 0     # offline replicas array (empty)

read 62         # Size int32
read 32s        # ApiKey int16 (DescribeConfigs)
read 0s         # ApiVersion int16
read (int:metadataRequestId) # CorrelationId int32
read -1s        # ClientId string (null)
read 1          # [Resources] array length
read [0x02]     # resource type int8 (topic)
read 4s "test"  # topic name
read 2          # config_names count
read 14s "cleanup.policy"
read 19s "delete.retention.ms"

write 88        # Size int32
write ${metadataRequestId}  # CorrelationId int32
write 0         # throttle_time_ms int32
write 1         # resources count
write 0s        # error code
write -1s       # error message
write [0x02]    # resource type
write 4s "test" # topic name
write 2         # config entries count
write 14s "cleanup.policy"  # config name
write 6s "delete"           # config  value
write [0x00]    # read_only boolean
write [0x01]    # is_default boolean
write [0x00]    # is_sensitive boolean
write 19s "delete.retention.ms"
write 8s "86400000"
write [0x00]    # read_only boolean
write [0x01]    # is_default boolean
write [0x00]    # is_sensitive boolean

# Fetch stream
accepted
read nukleus:begin.ext ${tcp:beginExtRemoteHost("broker1", 9093)}
connected

read 65
read 1s
read 5s
read (int:requestId)
read -1s
read -1
read [0..4]
read 1
read [0..4]
read [0x00]
read 1
read 4s "test"
read 1
read 0
read 0L
read -1L
read [0..4]

read notify FETCH_REQUEST_RECEIVED

write await WRITE_FETCH_RESPONSE


#write [0x00 0x00 0x01 0x55]
#    ${requestId}
#    0
#    1                               # topic count
#    4s "test"                       # topic name
#    1                               # partition count
#    0                               # partition id
#    0s                              # error code
#    1L                              # high watermark
#    -1L                             # last stable offset
#    0L                              # log start offset
#    -1                              # aborted transaction count
#    [0x00 0x00 0x01 0x19]           # record set size
#        0L                          # first offset
#        [0x00 0x00 0x00 0x4b]           # length
#        0                           # leader epoch
#        0x02                        # magic
#        0x1c70a87a                  # crc
#        0s              # attributes
#        0               # last offset delta
#        ${newTimestamp} # first timestamp
#        ${newTimestamp} # max timestamp
#        -1L             # producer id
#        -1s             # producer epoch
#        -1              # first sequence
#        1               # record count
#            0x32        # record length
#            0x00        # attributes
#            0x00        # timestamp delta
#            0x00        # offset delta
#            ${kafka:varint(1)}        # key len
#            0x31        # key
#            ${kafka:varint(18)}         # value len
#            "1,compression=none" #value
#            [0x00 0x00 0x00 0x00 ]
#    [0x00 0x00 0x00 0x00 0x01 0x00 0x00 0x00  0x5f 0x00 0x00 0x00 0x00 0x02 0xc0 0xa5 ]
#    [0x7f 0x7b 0x00 0x01 0x00 0x00 0x00 0x00  0x00 0x00 0x01 0x65 0xf9 0x14 0x5c 0x65 ]
#    [0x00 0x00 0x01 0x65 0xf9 0x14 0x5c 0x65  0xff 0xff 0xff 0xff 0xff 0xff 0xff 0xff ]
#    [0xff 0xff 0xff 0xff 0xff 0xff 0x00 0x00  0x00 0x01 0x1f 0x8b 0x08 0x00 0x00 0x00 ]
#    [0x00 0x00 0x00 0x00 0x33 0x62 0x60 0x60  0x60 0x32 0x52 0x31 0xd2 0x49 0xce 0xcf ]
#    [0x2d 0x28 0x4a 0x2d 0x2e 0xce 0xcc 0xcf  0xb3 0x4d 0xaf 0xca 0x2c 0x60 0x00 0x00 ]
#    [0x26 0xae 0xe6 0xd3 0x1a 0x00 0x00 0x00  0x00 0x00 0x00 0x00 0x00 0x00 0x00 0x02 ]
#    [0x00 0x00 0x00 0x4b 0x00 0x00 0x00 0x00  0x02 0xc8 0xcd 0x91 0xd9 0x00 0x00 0x00 ]
#    [0x00 0x00 0x00 0x00 0x00 0x01 0x65 0xf9  0x14 0x63 0x17 0x00 0x00 0x01 0x65 0xf9 ]
#    [0x14 0x63 0x17 0xff 0xff 0xff 0xff 0xff  0xff 0xff 0xff 0xff 0xff 0xff 0xff 0xff ]
#    [0xff 0x00 0x00 0x00 0x01 0x32 0x00 0x00  0x00 0x02 0x33 0x24 0x33 0x2c ]
#    "3,compressio n=none" [0x00]



write 220
write ${requestId}
write 0
write 1
write 4s "test"
    write 1               # partition count
        write 0               # partition id
        write 0s              # error code
        write 1L              # high watermark
        write -1L             # last stable offset
        write 0L              # log start offset
        write -1              # aborted transaction count
        write 160              # record set size
            # first record batch
            write 0L              # first offset
            write 68              # length
            write 0               # leader epoch
            write [0x02]          # magic
            write 0x4e8723aa      # crc
            write 0s              # attributes
            write 0               # last offset delta
            write ${newTimestamp} # first timestamp
            write ${newTimestamp} # max timestamp
            write -1L             # producer id
            write -1s             # producer epoch
            write -1              # first sequence
            write 1               # record count
                write ${kafka:varint(18)}    # record length
                write [0x00]                 # attributes
                write ${kafka:varint(0)}     # timestamp delta
                write ${kafka:varint(0)}     # offset delta
                write ${kafka:varint(-1)}    # key len
                write ${kafka:varint(12)}    # value len
                write "Hello, world"         # value
                write ${kafka:varint(0)}     # header count
            # second record batch
            write 2L              # first offset
            write 68              # length
            write 0               # leader epoch
            write [0x02]          # magic
            write 0x4e8723aa      # crc
            write 0s              # attributes
            write 0               # last offset delta
            write ${newTimestamp} # first timestamp
            write ${newTimestamp} # max timestamp
            write -1L             # producer id
            write -1s             # producer epoch
            write -1              # first sequence
            write 1               # record count
                write ${kafka:varint(18)}    # record length
                write [0x00]                 # attributes
                write ${kafka:varint(0)}     # timestamp delta
                write ${kafka:varint(0)}     # offset delta
                write ${kafka:varint(-1)}    # key len
                write ${kafka:varint(12)}    # value len
                write "Hello, again"         # value
                write ${kafka:varint(0)}     # header count

write flush
