#
# Copyright 2016-2020 The Reaktivity Project
#
# The Reaktivity Project licenses this file to you under the Apache License,
# version 2.0 (the "License"); you may not use this file except in compliance
# with the License. You may obtain a copy of the License at:
#
#   http://www.apache.org/licenses/LICENSE-2.0
#
# Unless required by applicable law or agreed to in writing, software
# distributed under the License is distributed on an "AS IS" BASIS, WITHOUT
# WARRANTIES OR CONDITIONS OF ANY KIND, either express or implied. See the
# License for the specific language governing permissions and limitations
# under the License.
#

property applicationConnect "nukleus://streams/kafka#0"
property applicationConnectPadding 894
property applicationConnectWindow 8192

connect await ROUTED_CLIENT
        ${applicationConnect}
    option nukleus:padding ${applicationConnectPadding}
    option nukleus:window ${applicationConnectWindow}
    option nukleus:transmission "half-duplex"

write nukleus:begin.ext ${kafka:beginEx()
                               .typeId(nukleus:id("kafka"))
                               .topicName("test")
                               .fetchOffset(0)
                               .fetchKey("key1")
                               .build()}

connected

read nukleus:begin.ext ${kafka:beginEx()
                              .typeId(nukleus:id("kafka"))
                              .topicName("test")
                              .fetchOffset(0)
                              .fetchKey("key1")
                              .build()}

read nukleus:data.ext ${kafka:matchDataEx()
                             .typeId(nukleus:id("kafka"))
                             .fetchOffset(11)
                             .messageKey("key1")
                             .build()}
read "Hello, world"

read nukleus:data.ext ${kafka:matchDataEx()
                             .typeId(nukleus:id("kafka"))
                             .fetchOffset(13)
                             .messageKey("key1")
                             .build()}
read "Hello, longer value"

read nukleus:data.ext ${kafka:matchDataEx()
                             .typeId(nukleus:id("kafka"))
                             .fetchOffset(14)
                             .messageKey("key1")
                             .build()}
read "Hello, third"

read notify CLIENT_ONE_RECEIVED_MESSAGES

connect await CLIENT_ONE_RECEIVED_MESSAGES
        ${applicationConnect}
    option nukleus:padding 100
    option nukleus:window 112
    option nukleus:transmission "half-duplex"

write nukleus:begin.ext ${kafka:beginEx()
                               .typeId(nukleus:id("kafka"))
                               .topicName("test")
                               .fetchOffset(0)
                               .fetchKey("key1")
                               .build()}

connected

read nukleus:begin.ext ${kafka:beginEx()
                              .typeId(nukleus:id("kafka"))
                              .topicName("test")
                              .fetchOffset(0)
                              .fetchKey("key1")
                              .build()}

read nukleus:data.ext ${kafka:matchDataEx()
                             .typeId(nukleus:id("kafka"))
                             .fetchOffset(14)
                             .messageKey("key1")
                             .build()}
read "Hello, third"
