#
# Copyright 2016-2017 The Reaktivity Project
#
# The Reaktivity Project licenses this file to you under the Apache License,
# version 2.0 (the "License"); you may not use this file except in compliance
# with the License. You may obtain a copy of the License at:
#
#   http://www.apache.org/licenses/LICENSE-2.0
#
# Unless required by applicable law or agreed to in writing, software
# distributed under the License is distributed on an "AS IS" BASIS, WITHOUT
# WARRANTIES OR CONDITIONS OF ANY KIND, either express or implied. See the
# License for the specific language governing permissions and limitations
# under the License.
#

property newNetworkRouteRef ${nuklei:newReferenceId()} # external scope

property newTimestamp ${kafka:timestamp()}

property networkAccept "nukleus://kafka/streams/source"
property networkAcceptWindow 8192

accept ${networkAccept}
  option nukleus:route  ${newNetworkRouteRef}
  option nukleus:window ${networkAcceptWindow}
  option nukleus:transmission "duplex"
  option nukleus:byteorder "network"

accepted
connected

read 0x41
read 0x01s
read 0x05s
read (int:requestId)
read -1s
read -1
read [0..4]
read 0x01
read [0..4]
read [0x00]
read 0x01
read 0x04s "test"
read 0x01
read 0x00
read 0x01L
read -1L
read [0..4]

write 0x8f
write ${requestId}
write 0
write 0x01
write 0x04s "test"
write 0x01
write 0
write 0x00s
write 0x02L
write -1L
write 0L
write -1
write 0x53
write 0x01L
write 0x47
write 0x00
write [0x02]
write 0x4e8723aa
write 0x00s
write 0
write ${newTimestamp}
write ${newTimestamp}
write -1L
write -1s
write -1
write 0x01
write ${kafka:varint(21)}
write [0x00]
write ${kafka:varint(0)}
write ${kafka:varint(0)}
write ${kafka:varint(-1)}
write ${kafka:varint(12)}
write "Hello, world"
write 0x00
