#
# Copyright 2016-2017 The Reaktivity Project
#
# The Reaktivity Project licenses this file to you under the Apache License,
# version 2.0 (the "License"); you may not use this file except in compliance
# with the License. You may obtain a copy of the License at:
#
#   http://www.apache.org/licenses/LICENSE-2.0
#
# Unless required by applicable law or agreed to in writing, software
# distributed under the License is distributed on an "AS IS" BASIS, WITHOUT
# WARRANTIES OR CONDITIONS OF ANY KIND, either express or implied. See the
# License for the specific language governing permissions and limitations
# under the License.
#

property newNetworkRouteRef ${nuklei:newReferenceId()} # external scope

property newTimestamp ${kafka:timestamp()}

property networkAccept "nukleus://kafka/streams/source"
property networkAcceptWindow 8192

accept ${networkAccept}
  option nukleus:route  ${newNetworkRouteRef}
  option nukleus:window ${networkAcceptWindow}
  option nukleus:transmission "duplex"
  option nukleus:byteorder "network"

# Metadata stream
accepted
connected

read 21         # Size int32
read 3s      # ApiKey int16 (Metadata)
read 5s      # ApiVersion int16
read (int:metadataRequestId) # CorrelationId int32
read -1s        # ClientId string (null)
read 1          # [TopicName] array length
  read 4s "test"
read [0x00]     # allow_auto_topic_creation (boolean)

write 107       # Size int32
write ${metadataRequestId}  # CorrelationId int32
write 0         # throttle_time_ms int32
write 1         # brokers array length
  write 1       # broker id
  write 7s "broker1"
  write 9093    # port int32
  write -1s     # rack string (null)
write 9s "cluster 1"
write 1         # controller broker id
write 1         # topic array length
  write 0s      # error code
  write 4s "test"
  write byte 0           # is_internal
  write 2       # partition array length
    write 0s    # error code
    write 0     # partition
    write 1     # leader
    write 0     # replicas array (empty)
    write -1    # isr array (null)
    write 0     # offline replicas array (empty)

    write 0s    # error code
    write 1     # partition
    write 1     # leader
    write 0     # replicas array (empty)
    write -1    # isr array (null)
    write 0     # offline replicas array (empty)

read 41         # Size int32
read 32s        # ApiKey int16 (DescribeConfigs)
read 0s         # ApiVersion int16
read (int:metadataRequestId) # CorrelationId int32
read -1s        # ClientId string (null)
read 1          # [Resources] array length
read [0x02]     # resource type int8 (topic) 
read 4s "test"  # topic name
read 1          # config_names count
read 14s "cleanup.policy"

write 54        # Size int32
write ${metadataRequestId}  # CorrelationId int32
write 0         # throttle_time_ms int32
write 1         # resources count
write 0s        # error code
write -1s       # error message
write [0x02]    # resource type
write 4s "test" # topic name
write 1         # config entries count
write 14s "cleanup.policy"  # config name
write 6s "delete"           # config  value
write [0x00]    # read_only boolean
write [0x01]    # is_default boolean
write [0x00]    # is_sensitive boolean

# Fetch stream
accepted
read nukleus:begin.ext ${tcp:beginExtRemoteHost("broker1", 9093)}
connected

read 89
read 1s
read 5s
read (int:requestId)
read -1s        # client id
read -1 
read [0..4]
read 1
read [0..4]
read [0x00]
read 1
read 4s "test"
read 2          # Number of partitions
read 0          # Partition
read 0L
read -1L
read [0..4]
read 1          # Partition
read 0L
read -1L
read [0..4]

read notify FETCH_REQUEST_RECEIVED

write await WRITE_FETCH_RESPONSE

write 458
 ${requestId}
 0
 1
 4s "test"
 2         # Number of partition responses
   0     # Partition
   0s
   1L # high_watermark
   -1L   # last_stable_offset
   0L    # log_start_offset
   -1    # aborted_transactions (null)
   280   # Length of the record set
              # Start of RecordBatch
   0L    # First offset 
   268   # Length
   0     # Partition leader epoque
   [0x02]            # Magic
   0x4e8723aa        # CRC32
   0s    # attributes
   0     # last offset delta
   ${newTimestamp}
   ${newTimestamp}
   -1L   # producer ID
   -1s   # producer epoque
   -1    # first sequence
   1     # Number of records
   ${kafka:varint(217)} # Record length
   [0x00]            # attributes
   ${kafka:varint(0)} # timestamp delta
   ${kafka:varint(0)} # offset delta
   ${kafka:varint(-1)} # key length
   ${kafka:varint(210)} # value length
   ${kafka:randomBytes(210)}
   ${kafka:varint(0)} 
   1    # partition
   0s 
   1L    # first offset
   -1L   # last_stable_offset
   0L    # log_start_offset
   -1    # aborted_transactions (null)
   80    # Length of the record set
   # Start of RecordBatch
   0L    # First offset 
   68    # Length
   0     # Partition leader epoque
   [0x02]            # Magic
   0x4e8723aa        # CRC32
   0s    # attributes
   0     # last offset delta
   ${newTimestamp}
   ${newTimestamp}
   -1L   # producer ID
   -1s   # producer epoque
   -1    # first sequence
   1     # Number of records
   ${kafka:varint(18)} # Record length
   [0x00]            # attributes
   ${kafka:varint(0)} # timestamp delta
   ${kafka:varint(0)} # offset delta
   ${kafka:varint(-1)} # key length
   ${kafka:varint(12)} # value length
   "Hello, world"    # value
   ${kafka:varint(0)} # headers array length

