#
# Copyright 2016-2019 The Reaktivity Project
#
# The Reaktivity Project licenses this file to you under the Apache License,
# version 2.0 (the "License"); you may not use this file except in compliance
# with the License. You may obtain a copy of the License at:
#
#   http://www.apache.org/licenses/LICENSE-2.0
#
# Unless required by applicable law or agreed to in writing, software
# distributed under the License is distributed on an "AS IS" BASIS, WITHOUT
# WARRANTIES OR CONDITIONS OF ANY KIND, either express or implied. See the
# License for the specific language governing permissions and limitations
# under the License.
#

property newTimestamp ${kafka:timestamp()}

property applicationAccept "nukleus://streams/kafka#0"
property applicationAcceptWindow 8192

accept ${applicationAccept}
       option nukleus:window ${applicationAcceptWindow}
       option nukleus:transmission "half-duplex"
accepted

read nukleus:begin.ext 0x04s "test"
read nukleus:begin.ext 1 ${kafka:varint(0)}
read nukleus:begin.ext 5
read nukleus:begin.ext "match"
read nukleus:begin.ext [0x01]
read nukleus:begin.ext 0
read nukleus:begin.ext 0

connected

write nukleus:begin.ext 0x04s "test"
write nukleus:begin.ext 1 ${kafka:varint(0)}
write nukleus:begin.ext 5
write nukleus:begin.ext "match"
write nukleus:begin.ext [0x01]
write nukleus:begin.ext 0
write nukleus:begin.ext 0
write flush

write nukleus:data.ext ${newTimestamp} 1 ${kafka:varint(1)}
write nukleus:data.ext -1
write "Hello, again"
write flush

accepted

read nukleus:begin.ext 0x04s "test"
read nukleus:begin.ext 1 ${kafka:varint(0)}
read nukleus:begin.ext -1
read nukleus:begin.ext [0xFF]
read nukleus:begin.ext 0

connected

write nukleus:begin.ext 0x04s "test"
write nukleus:begin.ext 1 ${kafka:varint(0)}
write nukleus:begin.ext -1
write nukleus:begin.ext [0xFF]
write nukleus:begin.ext 0
write flush

write aborted


