#
# Copyright 2016-2019 The Reaktivity Project
#
# The Reaktivity Project licenses this file to you under the Apache License,
# version 2.0 (the "License"); you may not use this file except in compliance
# with the License. You may obtain a copy of the License at:
#
#   http://www.apache.org/licenses/LICENSE-2.0
#
# Unless required by applicable law or agreed to in writing, software
# distributed under the License is distributed on an "AS IS" BASIS, WITHOUT
# WARRANTIES OR CONDITIONS OF ANY KIND, either express or implied. See the
# License for the specific language governing permissions and limitations
# under the License.
#

property applicationConnect "nukleus://streams/kafka#0"
property applicationConnectWindow 8192

connect await ROUTED_CLIENT
        ${applicationConnect}
    option nukleus:window ${applicationConnectWindow}
    option nukleus:transmission "simplex"

write nukleus:begin.ext ${kafka:beginEx()
                               .typeId(nukleus:id("kafka"))
                               .topicName("test")
                               .fetchOffset(1, 0)
                               .fetchKey("fetchkey1")
                               .build()}

connected

write aborted
