#
# Copyright 2016-2017 The Reaktivity Project
#
# The Reaktivity Project licenses this file to you under the Apache License,
# version 2.0 (the "License"); you may not use this file except in compliance
# with the License. You may obtain a copy of the License at:
#
#   http://www.apache.org/licenses/LICENSE-2.0
#
# Unless required by applicable law or agreed to in writing, software
# distributed under the License is distributed on an "AS IS" BASIS, WITHOUT
# WARRANTIES OR CONDITIONS OF ANY KIND, either express or implied. See the
# License for the specific language governing permissions and limitations
# under the License.
#

property newApplicationRouteRef ${nuklei:newReferenceId()} # external scope

property applicationConnect "nukleus://kafka/streams/source"

connect await ROUTED_CLIENT
        ${applicationConnect}
    option nukleus:route ${newApplicationRouteRef}
    option nukleus:window 100
    option nukleus:transmission "half-duplex"

write nukleus:begin.ext 4s "test"
write nukleus:begin.ext 1 ${kafka:varint(0)}
write nukleus:begin.ext -1
write nukleus:begin.ext [0xFF]
write nukleus:begin.ext 0

connected

read nukleus:begin.ext 4s "test"
read nukleus:begin.ext 1 ${kafka:varint(0)}
read nukleus:begin.ext -1
read nukleus:begin.ext [0xFF]
read nukleus:begin.ext 0

read nukleus:data.ext (long:timestamp) 1 ${kafka:varint(1)}
read [0..100]

read aborted



